# JRE version: OpenJDK Runtime Environment Temurin-21+35 (21.0+35) (build 21+35-LTS)
# Java VM: OpenJDK 64-Bit Server VM Temurin-21+35 (21+35-LTS, mixed mode, sharing, tiered, compressed oops, compressed class ptrs, g1 gc, windows-amd64)
GC Precious Log:
 CardTable entry size: 512
 Card Set container configuration: InlinePtr #cards 5 size 8 Array Of Cards #cards 12 size 40 Howl #buckets 4 coarsen threshold 1843 Howl Bitmap #cards 512 size 80 coarsen threshold 460 Card regions per heap region 1 cards per card region 2048
 CPUs: 8 total, 8 available
 Memory: 7926M
 Large Page Support: Disabled
 NUMA Support: Disabled
 Compressed Oops: Enabled (32-bit)
 Heap Region Size: 1M
 Heap Min Capacity: 8M
 Heap Initial Capacity: 124M
 Heap Max Capacity: 1982M
 Pre-touch: Disabled
 Parallel Workers: 8
 Concurrent Workers: 2
 Concurrent Refinement Workers: 8
 Periodic GC: Disabled
Heap:
 garbage-first heap   total 63488K, used 36326K [0x0000000084200000, 0x0000000100000000)
  region size 1024K, 5 young (5120K), 3 survivors (3072K)
 Metaspace       used 59450K, committed 60288K, reserved 1114112K
  class space    used 7802K, committed 8192K, reserved 1048576K
GC Heap History (20 events):
Event: 14.438 GC heap before
{Heap before GC invocations=7 (full 0):
 garbage-first heap   total 55296K, used 38147K [0x0000000084200000, 0x0000000100000000)
  region size 1024K, 22 young (22528K), 3 survivors (3072K)
 Metaspace       used 35467K, committed 35968K, reserved 1114112K
  class space    used 4630K, committed 4864K, reserved 1048576K
}
Event: 14.452 GC heap after
{Heap after GC invocations=8 (full 0):
 garbage-first heap   total 55296K, used 22355K [0x0000000084200000, 0x0000000100000000)
  region size 1024K, 2 young (2048K), 2 survivors (2048K)
 Metaspace       used 35467K, committed 35968K, reserved 1114112K
  class space    used 4630K, committed 4864K, reserved 1048576K
}
Event: 27.754 GC heap before
{Heap before GC invocations=9 (full 0):
 garbage-first heap   total 55296K, used 45907K [0x0000000084200000, 0x0000000100000000)
  region size 1024K, 25 young (25600K), 2 survivors (2048K)
 Metaspace       used 38841K, committed 39488K, reserved 1114112K
  class space    used 5134K, committed 5376K, reserved 1048576K
}
Event: 27.787 GC heap after
{Heap after GC invocations=10 (full 0):
 garbage-first heap   total 55296K, used 24842K [0x0000000084200000, 0x0000000100000000)
  region size 1024K, 4 young (4096K), 4 survivors (4096K)
 Metaspace       used 38841K, committed 39488K, reserved 1114112K
  class space    used 5134K, committed 5376K, reserved 1048576K
}
Event: 30.941 GC heap before
{Heap before GC invocations=10 (full 0):
 garbage-first heap   total 55296K, used 46346K [0x0000000084200000, 0x0000000100000000)
  region size 1024K, 25 young (25600K), 4 survivors (4096K)
 Metaspace       used 43638K, committed 44352K, reserved 1114112K
  class space    used 5831K, committed 6144K, reserved 1048576K
}
Event: 30.968 GC heap after
{Heap after GC invocations=11 (full 0):
 garbage-first heap   total 55296K, used 26695K [0x0000000084200000, 0x0000000100000000)
  region size 1024K, 3 young (3072K), 3 survivors (3072K)
 Metaspace       used 43638K, committed 44352K, reserved 1114112K
  class space    used 5831K, committed 6144K, reserved 1048576K
}
Event: 32.853 GC heap before
{Heap before GC invocations=11 (full 0):
 garbage-first heap   total 55296K, used 46151K [0x0000000084200000, 0x0000000100000000)
  region size 1024K, 23 young (23552K), 3 survivors (3072K)
 Metaspace       used 48034K, committed 48768K, reserved 1114112K
  class space    used 6375K, committed 6720K, reserved 1048576K
}
Event: 32.866 GC heap after
{Heap after GC invocations=12 (full 0):
 garbage-first heap   total 55296K, used 29696K [0x0000000084200000, 0x0000000100000000)
  region size 1024K, 3 young (3072K), 3 survivors (3072K)
 Metaspace       used 48034K, committed 48768K, reserved 1114112K
  class space    used 6375K, committed 6720K, reserved 1048576K
}
Event: 54.379 GC heap before
{Heap before GC invocations=12 (full 0):
 garbage-first heap   total 55296K, used 47104K [0x0000000084200000, 0x0000000100000000)
  region size 1024K, 20 young (20480K), 3 survivors (3072K)
 Metaspace       used 52091K, committed 52992K, reserved 1114112K
  class space    used 6938K, committed 7360K, reserved 1048576K
}
Event: 54.392 GC heap after
{Heap after GC invocations=13 (full 0):
 garbage-first heap   total 55296K, used 31812K [0x0000000084200000, 0x0000000100000000)
  region size 1024K, 2 young (2048K), 2 survivors (2048K)
 Metaspace       used 52091K, committed 52992K, reserved 1114112K
  class space    used 6938K, committed 7360K, reserved 1048576K
}
Event: 155.900 GC heap before
{Heap before GC invocations=14 (full 0):
 garbage-first heap   total 56320K, used 48196K [0x0000000084200000, 0x0000000100000000)
  region size 1024K, 18 young (18432K), 2 survivors (2048K)
 Metaspace       used 55243K, committed 56128K, reserved 1114112K
  class space    used 7362K, committed 7744K, reserved 1048576K
}
Event: 155.907 GC heap after
{Heap after GC invocations=15 (full 0):
 garbage-first heap   total 56320K, used 33565K [0x0000000084200000, 0x0000000100000000)
  region size 1024K, 3 young (3072K), 3 survivors (3072K)
 Metaspace       used 55243K, committed 56128K, reserved 1114112K
  class space    used 7362K, committed 7744K, reserved 1048576K
}
Event: 258.598 GC heap before
{Heap before GC invocations=15 (full 0):
 garbage-first heap   total 56320K, used 48925K [0x0000000084200000, 0x0000000100000000)
  region size 1024K, 18 young (18432K), 3 survivors (3072K)
 Metaspace       used 58208K, committed 59072K, reserved 1114112K
  class space    used 7757K, committed 8128K, reserved 1048576K
}
Event: 258.653 GC heap after
{Heap after GC invocations=16 (full 0):
 garbage-first heap   total 56320K, used 34402K [0x0000000084200000, 0x0000000100000000)
  region size 1024K, 2 young (2048K), 2 survivors (2048K)
 Metaspace       used 58208K, committed 59072K, reserved 1114112K
  class space    used 7757K, committed 8128K, reserved 1048576K
}
Event: 559.945 GC heap before
{Heap before GC invocations=16 (full 0):
 garbage-first heap   total 56320K, used 48738K [0x0000000084200000, 0x0000000100000000)
  region size 1024K, 16 young (16384K), 2 survivors (2048K)
 Metaspace       used 58765K, committed 59648K, reserved 1114112K
  class space    used 7775K, committed 8192K, reserved 1048576K
}
Event: 559.989 GC heap after
{Heap after GC invocations=17 (full 0):
 garbage-first heap   total 56320K, used 34830K [0x0000000084200000, 0x0000000100000000)
  region size 1024K, 2 young (2048K), 2 survivors (2048K)
 Metaspace       used 58765K, committed 59648K, reserved 1114112K
  class space    used 7775K, committed 8192K, reserved 1048576K
}
Event: 800.477 GC heap before
{Heap before GC invocations=18 (full 0):
 garbage-first heap   total 63488K, used 48142K [0x0000000084200000, 0x0000000100000000)
  region size 1024K, 16 young (16384K), 2 survivors (2048K)
 Metaspace       used 59099K, committed 59968K, reserved 1114112K
  class space    used 7801K, committed 8192K, reserved 1048576K
}
Event: 800.487 GC heap after
{Heap after GC invocations=19 (full 0):
 garbage-first heap   total 63488K, used 35403K [0x0000000084200000, 0x0000000100000000)
  region size 1024K, 2 young (2048K), 2 survivors (2048K)
 Metaspace       used 59099K, committed 59968K, reserved 1114112K
  class space    used 7801K, committed 8192K, reserved 1048576K
}
Event: 1312.058 GC heap before
{Heap before GC invocations=19 (full 0):
 garbage-first heap   total 63488K, used 55883K [0x0000000084200000, 0x0000000100000000)
  region size 1024K, 22 young (22528K), 2 survivors (2048K)
 Metaspace       used 59435K, committed 60288K, reserved 1114112K
  class space    used 7802K, committed 8192K, reserved 1048576K
}
Event: 1312.116 GC heap after
{Heap after GC invocations=20 (full 0):
 garbage-first heap   total 63488K, used 35302K [0x0000000084200000, 0x0000000100000000)
  region size 1024K, 3 young (3072K), 3 survivors (3072K)
 Metaspace       used 59435K, committed 60288K, reserved 1114112K
  class space    used 7802K, committed 8192K, reserved 1048576K
}

